<?xml version="1.0" encoding="UTF-8"?>
<!-- Generated by org.testng.reporters.JUnitXMLReporter -->
<testsuite hostname="WGC100GT7J793" ignored="0" tests="0" failures="0" timestamp="2022-04-28T10:44:10 EDT" time="0.063" errors="0">
  <testcase name="@BeforeTest openWorkshopApp" time="0.046" classname="ford.appiumtests.ChevinWorkshopHub.OpenApp_TrialMethod">
    <failure type="java.lang.NoClassDefFoundError" message="org/openqa/selenium/ElementNotSelectableException">
      <![CDATA[java.lang.NoClassDefFoundError: org/openqa/selenium/ElementNotSelectableException
at org.openqa.selenium.remote.ErrorCodes.<clinit>(ErrorCodes.java:229)
at io.appium.java_client.AppiumDriver.<clinit>(AppiumDriver.java:69)
at ford.appiumtests.ChevinWorkshopHub.OpenApp_TrialMethod.openWorkshopApp(OpenApp_TrialMethod.java:54)
Caused by: java.lang.ClassNotFoundException: org.openqa.selenium.ElementNotSelectableException
at java.net.URLClassLoader.findClass(Unknown Source)
at java.lang.ClassLoader.loadClass(Unknown Source)
at sun.misc.Launcher$AppClassLoader.loadClass(Unknown Source)
at java.lang.ClassLoader.loadClass(Unknown Source)
... 27 more
... Removed 24 stack frames]]>
    </failure>
  </testcase> <!-- @BeforeTest openWorkshopApp -->
</testsuite>
