<?xml version="1.0" encoding="UTF-8"?>
<!-- Generated by org.testng.reporters.JUnitReportReporter -->
<testsuite hostname="WGC100GT7J793" name="tests_Android.VerifyWorkOrderScreen" tests="5" failures="0" timestamp="14 Apr 2021 13:11:08 GMT" time="85.635" errors="1">
  <testcase name="sample" time="0.003" classname="tests_Android.VerifyWorkOrderScreen"/>
  <testcase name="AutheticateClient" time="22.176" classname="tests_Android.VerifyWorkOrderScreen"/>
  <testcase name="MenuOptions" time="6.048" classname="tests_Android.VerifyWorkOrderScreen"/>
  <testcase name="WorkOrderElements" time="30.783" classname="tests_Android.VerifyWorkOrderScreen">
    <error type="org.openqa.selenium.NoSuchElementException" message="An element could not be located on the page using the given search parameters.
For documentation on this error, please visit: https://www.seleniumhq.org/exceptions/no_such_element.html
Build info: version: &#039;4.0.0-alpha-1&#039;, revision: &#039;d1d3728cae&#039;, time: &#039;2019-04-24T13:42:21&#039;
System info: host: &#039;WGC100GT7J793&#039;, ip: &#039;169.254.75.49&#039;, os.name: &#039;Windows 10&#039;, os.arch: &#039;amd64&#039;, os.version: &#039;10.0&#039;, java.version: &#039;1.8.0_202&#039;
Driver info: io.appium.java_client.android.AndroidDriver
Capabilities {appActivity: com.chevin.workshophub.Main..., appPackage: com.chevin.workshophub, automationName: UiAutomator1, databaseEnabled: false, desired: {appActivity: com.chevin.workshophub.Main..., appPackage: com.chevin.workshophub, automationName: UiAutomator1, deviceName: Moto G5 Plus, newCommandTimeout: 60, platformName: android, platformVersion: 8.1.0, udid: ZY224VM3HD}, deviceManufacturer: motorola, deviceModel: Moto G (5) Plus, deviceName: ZY224VM3HD, deviceScreenSize: 1080x1920, deviceUDID: ZY224VM3HD, javascriptEnabled: true, locationContextEnabled: false, networkConnectionEnabled: true, newCommandTimeout: 60, platform: LINUX, platformName: Android, platformVersion: 8.1.0, takesScreenshot: true, udid: ZY224VM3HD, warnings: {}, webStorageEnabled: false}
Session ID: 54d3b09b-573a-4279-a7bd-7189bd6d53b2
*** Element info: {Using=xpath, value=//hierarchy/android.widget.FrameLayout/android.widget.LinearLayout/android.widget.FrameLayout/android.widget.LinearLayout/android.widget.FrameLayout/android.view.ViewGroup/android.webkit.WebView/android.webkit.WebView/android.view.View/android.view.View/android.view.View/android.view.View[4]/android.view.View/android.view.View/android.view.View[2]/android.view.View[3]/android.view.View[1]/android.view.View}">
      <![CDATA[org.openqa.selenium.NoSuchElementException: An element could not be located on the page using the given search parameters.
For documentation on this error, please visit: https://www.seleniumhq.org/exceptions/no_such_element.html
Build info: version: '4.0.0-alpha-1', revision: 'd1d3728cae', time: '2019-04-24T13:42:21'
System info: host: 'WGC100GT7J793', ip: '169.254.75.49', os.name: 'Windows 10', os.arch: 'amd64', os.version: '10.0', java.version: '1.8.0_202'
Driver info: io.appium.java_client.android.AndroidDriver
Capabilities {appActivity: com.chevin.workshophub.Main..., appPackage: com.chevin.workshophub, automationName: UiAutomator1, databaseEnabled: false, desired: {appActivity: com.chevin.workshophub.Main..., appPackage: com.chevin.workshophub, automationName: UiAutomator1, deviceName: Moto G5 Plus, newCommandTimeout: 60, platformName: android, platformVersion: 8.1.0, udid: ZY224VM3HD}, deviceManufacturer: motorola, deviceModel: Moto G (5) Plus, deviceName: ZY224VM3HD, deviceScreenSize: 1080x1920, deviceUDID: ZY224VM3HD, javascriptEnabled: true, locationContextEnabled: false, networkConnectionEnabled: true, newCommandTimeout: 60, platform: LINUX, platformName: Android, platformVersion: 8.1.0, takesScreenshot: true, udid: ZY224VM3HD, warnings: {}, webStorageEnabled: false}
Session ID: 54d3b09b-573a-4279-a7bd-7189bd6d53b2
*** Element info: {Using=xpath, value=//hierarchy/android.widget.FrameLayout/android.widget.LinearLayout/android.widget.FrameLayout/android.widget.LinearLayout/android.widget.FrameLayout/android.view.ViewGroup/android.webkit.WebView/android.webkit.WebView/android.view.View/android.view.View/android.view.View/android.view.View[4]/android.view.View/android.view.View/android.view.View[2]/android.view.View[3]/android.view.View[1]/android.view.View}
	at sun.reflect.NativeConstructorAccessorImpl.newInstance0(Native Method)
	at sun.reflect.NativeConstructorAccessorImpl.newInstance(Unknown Source)
	at sun.reflect.DelegatingConstructorAccessorImpl.newInstance(Unknown Source)
	at java.lang.reflect.Constructor.newInstance(Unknown Source)
	at org.openqa.selenium.remote.codec.w3c.W3CHttpResponseCodec.createException(W3CHttpResponseCodec.java:190)
	at org.openqa.selenium.remote.codec.w3c.W3CHttpResponseCodec.decode(W3CHttpResponseCodec.java:124)
	at org.openqa.selenium.remote.codec.w3c.W3CHttpResponseCodec.decode(W3CHttpResponseCodec.java:51)
	at org.openqa.selenium.remote.HttpCommandExecutor.execute(HttpCommandExecutor.java:161)
	at io.appium.java_client.remote.AppiumCommandExecutor.execute(AppiumCommandExecutor.java:239)
	at org.openqa.selenium.remote.RemoteWebDriver.execute(RemoteWebDriver.java:577)
	at org.openqa.selenium.remote.RemoteWebDriver.findElement(RemoteWebDriver.java:328)
	at io.appium.java_client.DefaultGenericMobileDriver.findElement(DefaultGenericMobileDriver.java:61)
	at io.appium.java_client.AppiumDriver.findElement(AppiumDriver.java:1)
	at io.appium.java_client.android.AndroidDriver.findElement(AndroidDriver.java:1)
	at org.openqa.selenium.remote.RemoteWebDriver.findElementByXPath(RemoteWebDriver.java:446)
	at io.appium.java_client.DefaultGenericMobileDriver.findElementByXPath(DefaultGenericMobileDriver.java:151)
	at io.appium.java_client.AppiumDriver.findElementByXPath(AppiumDriver.java:1)
	at io.appium.java_client.android.AndroidDriver.findElementByXPath(AndroidDriver.java:1)
	at org.openqa.selenium.By$ByXPath.findElement(By.java:353)
	at org.openqa.selenium.remote.RemoteWebDriver.findElement(RemoteWebDriver.java:320)
	at io.appium.java_client.DefaultGenericMobileDriver.findElement(DefaultGenericMobileDriver.java:57)
	at io.appium.java_client.AppiumDriver.findElement(AppiumDriver.java:1)
	at io.appium.java_client.android.AndroidDriver.findElement(AndroidDriver.java:1)
	at tests_Android.VerifyWorkOrderScreen.WorkOrderElements(VerifyWorkOrderScreen.java:26)
	at sun.reflect.NativeMethodAccessorImpl.invoke0(Native Method)
	at sun.reflect.NativeMethodAccessorImpl.invoke(Unknown Source)
	at sun.reflect.DelegatingMethodAccessorImpl.invoke(Unknown Source)
	at java.lang.reflect.Method.invoke(Unknown Source)
	at org.testng.internal.MethodInvocationHelper.invokeMethod(MethodInvocationHelper.java:86)
	at org.testng.internal.Invoker.invokeMethod(Invoker.java:645)
	at org.testng.internal.Invoker.invokeTestMethod(Invoker.java:822)
	at org.testng.internal.Invoker.invokeTestMethods(Invoker.java:1130)
	at org.testng.internal.TestMethodWorker.invokeTestMethods(TestMethodWorker.java:129)
	at org.testng.internal.TestMethodWorker.run(TestMethodWorker.java:112)
	at org.testng.TestRunner.privateRun(TestRunner.java:782)
	at org.testng.TestRunner.run(TestRunner.java:632)
	at org.testng.SuiteRunner.runTest(SuiteRunner.java:366)
	at org.testng.SuiteRunner.runSequentially(SuiteRunner.java:361)
	at org.testng.SuiteRunner.privateRun(SuiteRunner.java:319)
	at org.testng.SuiteRunner.run(SuiteRunner.java:268)
	at org.testng.SuiteRunnerWorker.runSuite(SuiteRunnerWorker.java:52)
	at org.testng.SuiteRunnerWorker.run(SuiteRunnerWorker.java:86)
	at org.testng.TestNG.runSuitesSequentially(TestNG.java:1244)
	at org.testng.TestNG.runSuitesLocally(TestNG.java:1169)
	at org.testng.TestNG.run(TestNG.java:1064)
	at org.testng.remote.RemoteTestNG.run(RemoteTestNG.java:113)
	at org.testng.remote.RemoteTestNG.initAndRun(RemoteTestNG.java:206)
	at org.testng.remote.RemoteTestNG.main(RemoteTestNG.java:177)
]]>
    </error>
  </testcase> <!-- WorkOrderElements -->
  <testcase name="Login" time="26.625" classname="tests_Android.VerifyWorkOrderScreen"/>
</testsuite> <!-- tests_Android.VerifyWorkOrderScreen -->
